Using pre-set license
Built from '2020.3/staging' branch; Version is '2020.3.26f1 (7298b473bc1a) revision 7510196'; Using compiler version '192528614'; Build Type 'Release'
OS: 'Windows 10  (10.0.19043) 64bit Core' Language: 'en' Physical Memory: 16146 MB
BatchMode: 1, IsHumanControllingUs: 0, StartBugReporterOnCrash: 0, Is64bit: 1, IsPro: 0

COMMAND LINE ARGUMENTS:
C:\Program Files\Unity\Hub\Editor\2020.3.26f1\Editor\Unity.exe
-adb2
-batchMode
-noUpm
-name
AssetImportWorker0
-projectPath
C:/Users/alanf/Documents/GitHub/WooHooFly/WooHooFly
-logFile
Logs/AssetImportWorker0.log
-srvPort
52740
Successfully changed project path to: C:/Users/alanf/Documents/GitHub/WooHooFly/WooHooFly
C:/Users/alanf/Documents/GitHub/WooHooFly/WooHooFly
Using Asset Import Pipeline V2.
Refreshing native plugins compatible for Editor in 28.68 ms, found 2 plugins.
Preloading 0 native plugins for Editor in 0.00 ms.
Initialize engine version: 2020.3.26f1 (7298b473bc1a)
[Subsystems] Discovering subsystems at path C:/Program Files/Unity/Hub/Editor/2020.3.26f1/Editor/Data/Resources/UnitySubsystems
[Subsystems] Discovering subsystems at path C:/Users/alanf/Documents/GitHub/WooHooFly/WooHooFly/Assets
GfxDevice: creating device client; threaded=0
Direct3D:
    Version:  Direct3D 11.0 [level 11.1]
    Renderer: NVIDIA GeForce RTX 2070 (ID=0x1f14)
    Vendor:   
    VRAM:     8031 MB
    Driver:   30.0.14.7135
Initialize mono
Mono path[0] = 'C:/Program Files/Unity/Hub/Editor/2020.3.26f1/Editor/Data/Managed'
Mono path[1] = 'C:/Program Files/Unity/Hub/Editor/2020.3.26f1/Editor/Data/MonoBleedingEdge/lib/mono/unityjit'
Mono config path = 'C:/Program Files/Unity/Hub/Editor/2020.3.26f1/Editor/Data/MonoBleedingEdge/etc'
Using monoOptions --debugger-agent=transport=dt_socket,embedding=1,server=y,suspend=n,address=127.0.0.1:56860
Begin MonoManager ReloadAssembly
Registering precompiled unity dll's ...
Register platform support module: C:/Program Files/Unity/Hub/Editor/2020.3.26f1/Editor/Data/PlaybackEngines/WebGLSupport/UnityEditor.WebGL.Extensions.dll
Register platform support module: C:/Program Files/Unity/Hub/Editor/2020.3.26f1/Editor/Data/PlaybackEngines/WindowsStandaloneSupport/UnityEditor.WindowsStandalone.Extensions.dll
Registered in 0.002011 seconds.
Native extension for WindowsStandalone target not found
Native extension for WebGL target not found
Refreshing native plugins compatible for Editor in 27.52 ms, found 2 plugins.
Preloading 0 native plugins for Editor in 0.00 ms.
Mono: successfully reloaded assembly
- Completed reload, in  0.532 seconds
Domain Reload Profiling:
	ReloadAssembly (532ms)
		BeginReloadAssembly (48ms)
			ExecutionOrderSort (0ms)
			DisableScriptedObjects (0ms)
			BackupInstance (0ms)
			ReleaseScriptingObjects (0ms)
			CreateAndSetChildDomain (1ms)
		EndReloadAssembly (418ms)
			LoadAssemblies (47ms)
			RebuildTransferFunctionScriptingTraits (0ms)
			SetupTypeCache (136ms)
			ReleaseScriptCaches (0ms)
			RebuildScriptCaches (33ms)
			SetupLoadedEditorAssemblies (155ms)
				LogAssemblyErrors (0ms)
				InitializePlatformSupportModulesInManaged (6ms)
				SetLoadedEditorAssemblies (0ms)
				RefreshPlugins (28ms)
				BeforeProcessingInitializeOnLoad (15ms)
				ProcessInitializeOnLoadAttributes (80ms)
				ProcessInitializeOnLoadMethodAttributes (25ms)
				AfterProcessingInitializeOnLoad (0ms)
				EditorAssembliesLoaded (0ms)
			ExecutionOrderSort2 (0ms)
			AwakeInstancesAfterBackupRestoration (0ms)
Platform modules already initialized, skipping
Registering precompiled user dll's ...
Registered in 0.004088 seconds.
Begin MonoManager ReloadAssembly
Native extension for WindowsStandalone target not found
Native extension for WebGL target not found
Refreshing native plugins compatible for Editor in 0.29 ms, found 2 plugins.
Preloading 0 native plugins for Editor in 0.00 ms.
Mono: successfully reloaded assembly
- Completed reload, in  0.987 seconds
Domain Reload Profiling:
	ReloadAssembly (987ms)
		BeginReloadAssembly (135ms)
			ExecutionOrderSort (0ms)
			DisableScriptedObjects (5ms)
			BackupInstance (0ms)
			ReleaseScriptingObjects (0ms)
			CreateAndSetChildDomain (16ms)
		EndReloadAssembly (794ms)
			LoadAssemblies (77ms)
			RebuildTransferFunctionScriptingTraits (0ms)
			SetupTypeCache (282ms)
			ReleaseScriptCaches (0ms)
			RebuildScriptCaches (47ms)
			SetupLoadedEditorAssemblies (302ms)
				LogAssemblyErrors (0ms)
				InitializePlatformSupportModulesInManaged (5ms)
				SetLoadedEditorAssemblies (0ms)
				RefreshPlugins (0ms)
				BeforeProcessingInitializeOnLoad (82ms)
				ProcessInitializeOnLoadAttributes (200ms)
				ProcessInitializeOnLoadMethodAttributes (8ms)
				AfterProcessingInitializeOnLoad (5ms)
				EditorAssembliesLoaded (0ms)
			ExecutionOrderSort2 (0ms)
			AwakeInstancesAfterBackupRestoration (6ms)
Platform modules already initialized, skipping
========================================================================
Worker process is ready to serve import requests
Launched and connected shader compiler UnityShaderCompiler.exe after 0.07 seconds
Refreshing native plugins compatible for Editor in 0.29 ms, found 2 plugins.
Preloading 0 native plugins for Editor in 0.00 ms.
Unloading 1503 Unused Serialized files (Serialized files now loaded: 0)
System memory in use before: 67.4 MB.
System memory in use after: 67.5 MB.

Unloading 19 unused Assets to reduce memory usage. Loaded Objects now: 1935.
Total: 2.143900 ms (FindLiveObjects: 0.109900 ms CreateObjectMapping: 0.042700 ms MarkObjects: 1.939700 ms  DeleteObjects: 0.050800 ms)

AssetImportParameters requested are different than current active one (requested -> active):
  custom:framework-win-MediaFoundation: 216162199b28c13a410421893ffa2e32 -> 
  custom:video-decoder-ogg-theora: a1e56fd34408186e4bbccfd4996cb3dc -> 
  custom:container-muxer-webm: aa71ff27fc2769a1b78a27578f13a17b -> 
  custom:container-demuxer-webm: 4f35f7cbe854078d1ac9338744f61a02 -> 
  custom:container-demuxer-ogg: 62fdf1f143b41e24485cea50d1cbac27 -> 
  custom:video-encoder-webm-vp8: eb34c28f22e8b96e1ab97ce403110664 -> 
  custom:video-codec-MediaFoundation-h265: 746d11721c4dcdbdad8f713fa42b33f4 -> 
  custom:video-decoder-webm-vp8: 9c59270c3fd7afecdb556c50c9e8de78 -> 
  custom:audio-decoder-ogg-vorbis: bf7c407c2cedff20999df2af8eb42d56 -> 
  custom:audio-encoder-webm-vorbis: bf7c407c2cedff20999df2af8eb42d56 -> 
========================================================================
Received Import Request.
  path: Assets
  artifactKey: Guid(00000000000000001000000000000000) Importer(815301076,1909f56bfc062723c751e8b465ee728b)
Start importing Assets using Guid(00000000000000001000000000000000) Importer(815301076,1909f56bfc062723c751e8b465ee728b)  -> (artifact id: '42d402b061de3733987d63b9cc3b64de') in 0.007638 seconds 
  Import took 0.009856 seconds .

========================================================================
Received Import Request.
  Time since last request: 3.043236 seconds.
  path: Assets/New Folder
  artifactKey: Guid(878088d2651241a459132c5ad4c1bd6e) Importer(815301076,1909f56bfc062723c751e8b465ee728b)
Start importing Assets/New Folder using Guid(878088d2651241a459132c5ad4c1bd6e) Importer(815301076,1909f56bfc062723c751e8b465ee728b)  -> (artifact id: 'dd9ac755d413306ae711b9c54865eeff') in 0.006483 seconds 
  Import took 0.008476 seconds .

========================================================================
Received Import Request.
  Time since last request: 26.390362 seconds.
  path: Assets/_Scripts
  artifactKey: Guid(878088d2651241a459132c5ad4c1bd6e) Importer(815301076,1909f56bfc062723c751e8b465ee728b)
Start importing Assets/_Scripts using Guid(878088d2651241a459132c5ad4c1bd6e) Importer(815301076,1909f56bfc062723c751e8b465ee728b)  -> (artifact id: '3e6905753052f4d6f67f2022fb83e85b') in 0.007516 seconds 
  Import took 0.009777 seconds .

========================================================================
Received Import Request.
  Time since last request: 89.559898 seconds.
  path: Assets/_Scripts/Controller
  artifactKey: Guid(4e45a45f00963fa4f8f4aef1558d1366) Importer(815301076,1909f56bfc062723c751e8b465ee728b)
Start importing Assets/_Scripts/Controller using Guid(4e45a45f00963fa4f8f4aef1558d1366) Importer(815301076,1909f56bfc062723c751e8b465ee728b)  -> (artifact id: 'e34dad2231e00e1590e7573a40ff6127') in 0.007718 seconds 
  Import took 0.010002 seconds .

========================================================================
Received Import Request.
  Time since last request: 12.472328 seconds.
  path: Assets/_Scripts/InputSystemManager
  artifactKey: Guid(ec3b38574b1d8ea428c27703007bdcc4) Importer(815301076,1909f56bfc062723c751e8b465ee728b)
Start importing Assets/_Scripts/InputSystemManager using Guid(ec3b38574b1d8ea428c27703007bdcc4) Importer(815301076,1909f56bfc062723c751e8b465ee728b)  -> (artifact id: 'ce4e357f0d45819d998254c48cf3305b') in 0.007158 seconds 
  Import took 0.009472 seconds .

========================================================================
Received Import Request.
  Time since last request: 9.573187 seconds.
  path: Assets/_Scripts/VisualEffect
  artifactKey: Guid(594b49243c027384c88ce80b7dc3ce0f) Importer(815301076,1909f56bfc062723c751e8b465ee728b)
Start importing Assets/_Scripts/VisualEffect using Guid(594b49243c027384c88ce80b7dc3ce0f) Importer(815301076,1909f56bfc062723c751e8b465ee728b)  -> (artifact id: '3c9a5adc579bd8bad8e2a7e3ddb6e592') in 0.006764 seconds 
  Import took 0.008930 seconds .

========================================================================
Received Import Request.
  Time since last request: 12.797699 seconds.
  path: Assets/_Scripts/EnvironmentBehavior
  artifactKey: Guid(5361954592b7577438fb736d6956e128) Importer(815301076,1909f56bfc062723c751e8b465ee728b)
Start importing Assets/_Scripts/EnvironmentBehavior using Guid(5361954592b7577438fb736d6956e128) Importer(815301076,1909f56bfc062723c751e8b465ee728b)  -> (artifact id: '66d616e16a8932a9507872c2ff62542f') in 0.008319 seconds 
  Import took 0.010343 seconds .

========================================================================
Received Import Request.
  Time since last request: 10.319093 seconds.
  path: Assets/New Folder
  artifactKey: Guid(d719aa8d7e5e56f42bceb3876053a3ce) Importer(815301076,1909f56bfc062723c751e8b465ee728b)
Start importing Assets/New Folder using Guid(d719aa8d7e5e56f42bceb3876053a3ce) Importer(815301076,1909f56bfc062723c751e8b465ee728b)  -> (artifact id: 'a80173c51208bfbfc185816b39fb421e') in 0.002801 seconds 
  Import took 0.004798 seconds .

========================================================================
Received Import Request.
  Time since last request: 1.758075 seconds.
  path: Assets/Scenes
  artifactKey: Guid(4be09214e64aec845b27bff95e7b1850) Importer(815301076,1909f56bfc062723c751e8b465ee728b)
Start importing Assets/Scenes using Guid(4be09214e64aec845b27bff95e7b1850) Importer(815301076,1909f56bfc062723c751e8b465ee728b)  -> (artifact id: 'f5b2dfcdbd2f8720156847ae08a25344') in 0.007118 seconds 
  Import took 0.009593 seconds .

========================================================================
Received Import Request.
  Time since last request: 3.092252 seconds.
  path: Assets/_Scene
  artifactKey: Guid(4be09214e64aec845b27bff95e7b1850) Importer(815301076,1909f56bfc062723c751e8b465ee728b)
Start importing Assets/_Scene using Guid(4be09214e64aec845b27bff95e7b1850) Importer(815301076,1909f56bfc062723c751e8b465ee728b)  -> (artifact id: '070e7bf1b12034d78492859007d80b7f') in 0.006010 seconds 
  Import took 0.008107 seconds .

========================================================================
Received Import Request.
  Time since last request: 11.908517 seconds.
  path: Assets/_Scene/Prototypes
  artifactKey: Guid(79829984d858dfb4f817d01fd6378f33) Importer(815301076,1909f56bfc062723c751e8b465ee728b)
Start importing Assets/_Scene/Prototypes using Guid(79829984d858dfb4f817d01fd6378f33) Importer(815301076,1909f56bfc062723c751e8b465ee728b)  -> (artifact id: 'd04acf3ef26c181448ee8be65277cbc5') in 0.006122 seconds 
  Import took 0.008125 seconds .

========================================================================
Received Import Request.
  Time since last request: 5.901663 seconds.
  path: Assets/_Scene/_Build
  artifactKey: Guid(02fa4a93efeb15f488d528dcbaece4e6) Importer(815301076,1909f56bfc062723c751e8b465ee728b)
Start importing Assets/_Scene/_Build using Guid(02fa4a93efeb15f488d528dcbaece4e6) Importer(815301076,1909f56bfc062723c751e8b465ee728b)  -> (artifact id: 'de34a71a2d5bd2009b58052fa13e62ca') in 0.006709 seconds 
  Import took 0.008817 seconds .

========================================================================
Received Import Request.
  Time since last request: 15.409790 seconds.
  path: Assets/ImportedResources
  artifactKey: Guid(d719aa8d7e5e56f42bceb3876053a3ce) Importer(815301076,1909f56bfc062723c751e8b465ee728b)
Start importing Assets/ImportedResources using Guid(d719aa8d7e5e56f42bceb3876053a3ce) Importer(815301076,1909f56bfc062723c751e8b465ee728b)  -> (artifact id: '55eb89138df38639187de489131dffea') in 0.006686 seconds 
  Import took 0.009148 seconds .

========================================================================
Received Import Request.
  Time since last request: 11.869864 seconds.
  path: Assets/Art
  artifactKey: Guid(3cfbbb0ba44a0a940ba83870f7cae8e1) Importer(815301076,1909f56bfc062723c751e8b465ee728b)
Start importing Assets/Art using Guid(3cfbbb0ba44a0a940ba83870f7cae8e1) Importer(815301076,1909f56bfc062723c751e8b465ee728b)  -> (artifact id: '43343ef5f72fb572d95e4cd028d40f95') in 0.005665 seconds 
  Import took 0.007774 seconds .

========================================================================
Received Import Request.
  Time since last request: 18.010840 seconds.
  path: Assets/Art/#DModels
  artifactKey: Guid(b68678b6aeb0ea04da3ab8415d886602) Importer(815301076,1909f56bfc062723c751e8b465ee728b)
Start importing Assets/Art/#DModels using Guid(b68678b6aeb0ea04da3ab8415d886602) Importer(815301076,1909f56bfc062723c751e8b465ee728b)  -> (artifact id: 'ef13f2ed3a24f6ac45bf7cfd275b8cb2') in 0.005565 seconds 
  Import took 0.008163 seconds .

========================================================================
Received Import Request.
  Time since last request: 4.240833 seconds.
  path: Assets/Art/3DModels
  artifactKey: Guid(b68678b6aeb0ea04da3ab8415d886602) Importer(815301076,1909f56bfc062723c751e8b465ee728b)
Start importing Assets/Art/3DModels using Guid(b68678b6aeb0ea04da3ab8415d886602) Importer(815301076,1909f56bfc062723c751e8b465ee728b)  -> (artifact id: '60ce77a945dfb5d87b7d2d43be930ee4') in 0.005411 seconds 
  Import took 0.007524 seconds .

========================================================================
Received Import Request.
  Time since last request: 5.311372 seconds.
  path: Assets/Art/Texture.cs
  artifactKey: Guid(e0b7e7cb6ad52eb4ebbe10182a994589) Importer(815301076,1909f56bfc062723c751e8b465ee728b)
Start importing Assets/Art/Texture.cs using Guid(e0b7e7cb6ad52eb4ebbe10182a994589) Importer(815301076,1909f56bfc062723c751e8b465ee728b)  -> (artifact id: 'c52afcb0fcdcf40fbcf727c4d3d2ca2b') in 0.043259 seconds 
  Import took 0.045392 seconds .

========================================================================
Received Prepare
Registering precompiled user dll's ...
Registered in 0.003541 seconds.
Begin MonoManager ReloadAssembly
Native extension for WindowsStandalone target not found
Native extension for WebGL target not found
Refreshing native plugins compatible for Editor in 0.28 ms, found 2 plugins.
Preloading 0 native plugins for Editor in 0.00 ms.
Mono: successfully reloaded assembly
- Completed reload, in  0.917 seconds
Domain Reload Profiling:
	ReloadAssembly (917ms)
		BeginReloadAssembly (113ms)
			ExecutionOrderSort (0ms)
			DisableScriptedObjects (4ms)
			BackupInstance (0ms)
			ReleaseScriptingObjects (0ms)
			CreateAndSetChildDomain (31ms)
		EndReloadAssembly (747ms)
			LoadAssemblies (78ms)
			RebuildTransferFunctionScriptingTraits (0ms)
			SetupTypeCache (263ms)
			ReleaseScriptCaches (1ms)
			RebuildScriptCaches (41ms)
			SetupLoadedEditorAssemblies (278ms)
				LogAssemblyErrors (0ms)
				InitializePlatformSupportModulesInManaged (6ms)
				SetLoadedEditorAssemblies (0ms)
				RefreshPlugins (0ms)
				BeforeProcessingInitializeOnLoad (73ms)
				ProcessInitializeOnLoadAttributes (184ms)
				ProcessInitializeOnLoadMethodAttributes (8ms)
				AfterProcessingInitializeOnLoad (6ms)
				EditorAssembliesLoaded (0ms)
			ExecutionOrderSort2 (0ms)
			AwakeInstancesAfterBackupRestoration (6ms)
Platform modules already initialized, skipping
Refreshing native plugins compatible for Editor in 0.30 ms, found 2 plugins.
Preloading 0 native plugins for Editor in 0.00 ms.
Unloading 1498 Unused Serialized files (Serialized files now loaded: 0)
System memory in use before: 67.3 MB.
System memory in use after: 67.4 MB.

Unloading 14 unused Assets to reduce memory usage. Loaded Objects now: 1938.
Total: 2.251100 ms (FindLiveObjects: 0.133400 ms CreateObjectMapping: 0.056200 ms MarkObjects: 2.027700 ms  DeleteObjects: 0.033100 ms)

AssetImportParameters requested are different than current active one (requested -> active):
  custom:framework-win-MediaFoundation: 216162199b28c13a410421893ffa2e32 -> 
  custom:video-decoder-ogg-theora: a1e56fd34408186e4bbccfd4996cb3dc -> 
  custom:container-muxer-webm: aa71ff27fc2769a1b78a27578f13a17b -> 
  custom:container-demuxer-webm: 4f35f7cbe854078d1ac9338744f61a02 -> 
  custom:container-demuxer-ogg: 62fdf1f143b41e24485cea50d1cbac27 -> 
  custom:video-encoder-webm-vp8: eb34c28f22e8b96e1ab97ce403110664 -> 
  custom:video-codec-MediaFoundation-h265: 746d11721c4dcdbdad8f713fa42b33f4 -> 
  custom:video-decoder-webm-vp8: 9c59270c3fd7afecdb556c50c9e8de78 -> 
  custom:audio-decoder-ogg-vorbis: bf7c407c2cedff20999df2af8eb42d56 -> 
  custom:audio-encoder-webm-vorbis: bf7c407c2cedff20999df2af8eb42d56 -> 
========================================================================
Received Prepare
Registering precompiled user dll's ...
Registered in 0.003278 seconds.
Begin MonoManager ReloadAssembly
Native extension for WindowsStandalone target not found
Native extension for WebGL target not found
Refreshing native plugins compatible for Editor in 0.29 ms, found 2 plugins.
Preloading 0 native plugins for Editor in 0.00 ms.
Mono: successfully reloaded assembly
- Completed reload, in  0.946 seconds
Domain Reload Profiling:
	ReloadAssembly (947ms)
		BeginReloadAssembly (109ms)
			ExecutionOrderSort (0ms)
			DisableScriptedObjects (5ms)
			BackupInstance (0ms)
			ReleaseScriptingObjects (0ms)
			CreateAndSetChildDomain (31ms)
		EndReloadAssembly (780ms)
			LoadAssemblies (78ms)
			RebuildTransferFunctionScriptingTraits (0ms)
			SetupTypeCache (277ms)
			ReleaseScriptCaches (1ms)
			RebuildScriptCaches (40ms)
			SetupLoadedEditorAssemblies (290ms)
				LogAssemblyErrors (0ms)
				InitializePlatformSupportModulesInManaged (5ms)
				SetLoadedEditorAssemblies (0ms)
				RefreshPlugins (0ms)
				BeforeProcessingInitializeOnLoad (76ms)
				ProcessInitializeOnLoadAttributes (191ms)
				ProcessInitializeOnLoadMethodAttributes (10ms)
				AfterProcessingInitializeOnLoad (6ms)
				EditorAssembliesLoaded (1ms)
			ExecutionOrderSort2 (0ms)
			AwakeInstancesAfterBackupRestoration (7ms)
Platform modules already initialized, skipping
Refreshing native plugins compatible for Editor in 0.30 ms, found 2 plugins.
Preloading 0 native plugins for Editor in 0.00 ms.
Unloading 1497 Unused Serialized files (Serialized files now loaded: 0)
System memory in use before: 67.4 MB.
System memory in use after: 67.5 MB.

Unloading 15 unused Assets to reduce memory usage. Loaded Objects now: 1939.
Total: 2.178200 ms (FindLiveObjects: 0.113800 ms CreateObjectMapping: 0.044500 ms MarkObjects: 2.004700 ms  DeleteObjects: 0.014300 ms)

AssetImportParameters requested are different than current active one (requested -> active):
  custom:framework-win-MediaFoundation: 216162199b28c13a410421893ffa2e32 -> 
  custom:video-decoder-ogg-theora: a1e56fd34408186e4bbccfd4996cb3dc -> 
  custom:container-muxer-webm: aa71ff27fc2769a1b78a27578f13a17b -> 
  custom:container-demuxer-webm: 4f35f7cbe854078d1ac9338744f61a02 -> 
  custom:container-demuxer-ogg: 62fdf1f143b41e24485cea50d1cbac27 -> 
  custom:video-encoder-webm-vp8: eb34c28f22e8b96e1ab97ce403110664 -> 
  custom:video-codec-MediaFoundation-h265: 746d11721c4dcdbdad8f713fa42b33f4 -> 
  custom:video-decoder-webm-vp8: 9c59270c3fd7afecdb556c50c9e8de78 -> 
  custom:audio-decoder-ogg-vorbis: bf7c407c2cedff20999df2af8eb42d56 -> 
  custom:audio-encoder-webm-vorbis: bf7c407c2cedff20999df2af8eb42d56 -> 
========================================================================
Received Import Request.
  Time since last request: 14.277348 seconds.
  path: Assets/Art/Texture
  artifactKey: Guid(645935ff41b8ee948ade2bed35bab67e) Importer(815301076,1909f56bfc062723c751e8b465ee728b)
Start importing Assets/Art/Texture using Guid(645935ff41b8ee948ade2bed35bab67e) Importer(815301076,1909f56bfc062723c751e8b465ee728b)  -> (artifact id: '5fa48e97f23e58f002fe1df2d243ca4c') in 0.004623 seconds 
  Import took 0.006763 seconds .

========================================================================
Received Import Request.
  Time since last request: 5.657550 seconds.
  path: Assets/Art/Material
  artifactKey: Guid(8bdda432054205f44b2237d81d756988) Importer(815301076,1909f56bfc062723c751e8b465ee728b)
Start importing Assets/Art/Material using Guid(8bdda432054205f44b2237d81d756988) Importer(815301076,1909f56bfc062723c751e8b465ee728b)  -> (artifact id: '44368c3d36137ffbaf8327700da19b1a') in 0.006239 seconds 
  Import took 0.008452 seconds .

========================================================================
Received Import Request.
  Time since last request: 4.893101 seconds.
  path: Assets/Art/Fonts
  artifactKey: Guid(2ff038ec6560b4f409aebffd54644dbd) Importer(815301076,1909f56bfc062723c751e8b465ee728b)
Start importing Assets/Art/Fonts using Guid(2ff038ec6560b4f409aebffd54644dbd) Importer(815301076,1909f56bfc062723c751e8b465ee728b)  -> (artifact id: 'bc11af99a0b8cb3e89e4f330cbaf7745') in 0.006037 seconds 
  Import took 0.008090 seconds .

========================================================================
Received Import Request.
  Time since last request: 10.073171 seconds.
  path: Assets/Art/Shader
  artifactKey: Guid(07b9696559ae8b64284b9ef33f5c3ba4) Importer(815301076,1909f56bfc062723c751e8b465ee728b)
Start importing Assets/Art/Shader using Guid(07b9696559ae8b64284b9ef33f5c3ba4) Importer(815301076,1909f56bfc062723c751e8b465ee728b)  -> (artifact id: '6c9b2bcd8e096b05d07994c29cdf9b24') in 0.007419 seconds 
  Import took 0.009824 seconds .

========================================================================
Received Import Request.
  Time since last request: 21.139539 seconds.
  path: Assets/Animation
  artifactKey: Guid(1e8de9b6356b60a49ba0015a4e337159) Importer(815301076,1909f56bfc062723c751e8b465ee728b)
Start importing Assets/Animation using Guid(1e8de9b6356b60a49ba0015a4e337159) Importer(815301076,1909f56bfc062723c751e8b465ee728b)  -> (artifact id: '741f727b32b7192187faf4bf58dbbf92') in 0.006793 seconds 
  Import took 0.009442 seconds .

========================================================================
Received Import Request.
  Time since last request: 5.171672 seconds.
  path: Assets/Audio
  artifactKey: Guid(5f040cd97d8bd2542acb15dc32a573fd) Importer(815301076,1909f56bfc062723c751e8b465ee728b)
Start importing Assets/Audio using Guid(5f040cd97d8bd2542acb15dc32a573fd) Importer(815301076,1909f56bfc062723c751e8b465ee728b)  -> (artifact id: 'e8bab0cccde2e65757d7236617fdf0d3') in 0.005704 seconds 
  Import took 0.008347 seconds .

========================================================================
Received Import Request.
  Time since last request: 8.431787 seconds.
  path: Assets/_Scene/SampleScene.unity
  artifactKey: Guid(9fc0d4010bbf28b4594072e72b8655ab) Importer(815301076,1909f56bfc062723c751e8b465ee728b)
Start importing Assets/_Scene/SampleScene.unity using Guid(9fc0d4010bbf28b4594072e72b8655ab) Importer(815301076,1909f56bfc062723c751e8b465ee728b)  -> (artifact id: '85059f4f9e1a832ed95adaa0d25c5c4c') in 0.016099 seconds 
  Import took 0.018343 seconds .

AssetImportWorkerClient::OnTransportError - code=2 error=End of file
